


CustomMaterialManager: Cached KeyValues materials/models/weapons/v_models/knife_butterfly/knife_butterfly.vmt.
CustomMaterialManager: Cached KeyValues materials/models/weapons/v_models/knife_bayonet/knife_bayonet.vmt.
CustomMaterialManager: Cached KeyValues materials/models/weapons/v_models/knife_ct/knife_ct.vmt.
CustomMaterialManager: Cached KeyValues materials/models/weapons/v_models/knife_flip/knife_flip.vmt.
CustomMaterialManager: Cached KeyValues materials/models/weapons/v_models/knife_gut/knife_gut.vmt.
CustomMaterialManager: Cached KeyValues materials/models/weapons/v_models/knife_karam/karam.vmt.
CustomMaterialManager: Cached KeyValues materials/models/weapons/v_models/knife_m9_bay/knife_m9_bay.vmt.
CustomMaterialManager: Cached KeyValues materials/models/weapons/v_models/knife_t/knife_t.vmt.
CustomMaterialManager: Cached KeyValues materials/models/weapons/v_models/knife_tactical/knife_tactical.vmt.
CustomMaterialManager: Cached KeyValues materials/models/weapons/v_models/mach_m249para/m249.vmt.
CustomMaterialManager: Cached KeyValues materials/models/weapons/v_models/mach_negev/mach_negev.vmt.
CustomMaterialManager: Cached KeyValues materials/models/weapons/v_models/pist_223/pist_223.vmt.
CustomMaterialManager: Cached KeyValues materials/models/weapons/v_models/pist_cz_75/pist_cz_75.vmt.
CustomMaterialManager: Cached KeyValues materials/models/weapons/v_models/pist_deagle/pist_deagle.vmt.
CustomMaterialManager: Cached KeyValues materials/models/weapons/v_models/pist_elite/m9a1.vmt.
CustomMaterialManager: Cached KeyValues materials/models/weapons/v_models/pist_fiveseven/fiveseven.vmt.
CustomMaterialManager: Cached KeyValues materials/models/weapons/v_models/pist_glock18/pist_glock18.vmt.
CustomMaterialManager: Cached KeyValues materials/models/weapons/v_models/pist_hkp2000/pist_hkp2000.vmt.
CustomMaterialManager: Cached KeyValues materials/models/weapons/v_models/pist_p250/p250.vmt.
CustomMaterialManager: Cached KeyValues materials/models/weapons/v_models/pist_tec9/pist_tec9.vmt.
CustomMaterialManager: Cached KeyValues materials/models/weapons/v_models/rif_ak47/ak47.vmt.
CustomMaterialManager: Cached KeyValues materials/models/weapons/v_models/rif_aug/rif_aug.vmt.
CustomMaterialManager: Cached KeyValues materials/models/weapons/v_models/rif_famas/rif_famas.vmt.
CustomMaterialManager: Cached KeyValues materials/models/weapons/v_models/rif_galilar/rif_galilar.vmt.
CustomMaterialManager: Cached KeyValues materials/models/weapons/v_models/rif_m4a1/rif_m4a1.vmt.
CustomMaterialManager: Cached KeyValues materials/models/weapons/v_models/rif_m4a1_s/rif_m4a1_s.vmt.
CustomMaterialManager: Cached KeyValues materials/models/weapons/v_models/rif_sg556/rif_sg556.vmt.
CustomMaterialManager: Cached KeyValues materials/models/weapons/v_models/shot_mag7/shot_mag7.vmt.
CustomMaterialManager: Cached KeyValues materials/models/weapons/v_models/shot_nova/shot_nova.vmt.
CustomMaterialManager: Cached KeyValues materials/models/weapons/v_models/shot_sawedoff/shot_sawedoff_01.vmt.
CustomMaterialManager: Cached KeyValues materials/models/weapons/v_models/shot_xm1014/shot_xm1014.vmt.
CustomMaterialManager: Cached KeyValues materials/models/weapons/v_models/smg_bizon/bizon.vmt.
CustomMaterialManager: Cached KeyValues materials/models/weapons/v_models/smg_mac10/smg_mac10_1.vmt.
CustomMaterialManager: Cached KeyValues materials/models/weapons/v_models/smg_mp7/smg_mp7.vmt.
CustomMaterialManager: Cached KeyValues materials/models/weapons/v_models/smg_mp9/smg_mp9.vmt.
CustomMaterialManager: Cached KeyValues materials/models/weapons/v_models/smg_p90/smg_p90.vmt.
CustomMaterialManager: Cached KeyValues materials/models/weapons/v_models/smg_ump45/smg_ump45.vmt.
CustomMaterialManager: Cached KeyValues materials/models/weapons/v_models/snip_awp/awp.vmt.
CustomMaterialManager: Cached KeyValues materials/models/weapons/v_models/snip_g3sg1/snip_g3sg1.vmt.
CustomMaterialManager: Cached KeyValues materials/models/weapons/v_models/snip_scar20/snip_scar20.vmt.
CustomMaterialManager: Cached KeyValues materials/models/weapons/v_models/snip_ssg08/snip_ssg08.vmt.
CustomMaterialManager: Cached KeyValues materials/models/weapons/v_models/snip_ssg08/snip_ssg08_scope.vmt.
CustomMaterialManager: Cached KeyValues materials/models/weapons/v_models/knife_falchion_advanced/knife_falchion_advanced.vmt.
CustomMaterialManager: Cached KeyValues materials/models/weapons/v_models/knife_push/knife_push.vmt.
materialPath: D:\SteamLibrary\steamapps\common\Counter-Strike Global Offensive\csgo\materials
Loading D:\SteamLibrary\steamapps\common\Counter-Strike Global Offensive\sdk_content\maps\de_drydock.vmf
Map revision 57
Can't find surfaceprop panel for material METAL/PRODVENTA, using default
fixing up env_cubemap materials on brush sides...
0...1...2...3...4...5...6...7...8...9...100...1...2...3...4...5...6...7...8...9...10Processing areas...done (0)
Building Faces...done (0)
FixTjuncs...
PruneNodes...
WriteBSP...
done (0)
writing D:\SteamLibrary\steamapps\common\Counter-Strike Global Offensive\sdk_content\maps\de_drydock.prt...Building visibility clusters...
done (1)
Finding displacement neighbors...
Finding lightmap sample positions...
Displacement Alpha : 0...1...2...3...4...5...6...7...8...9...10
Building Physics collision data...
done (0) (74910 bytes)
Error loading studio model ""!
Error! To use model "models/props/gg_vietnam/cloth03.mdl"
      with prop_static, it must be compiled with $staticprop!
Error loading studio model "models/props/gg_vietnam/cloth03.mdl"!
Error! To use model "models/props/de_nuke/car_nuke_animation.mdl"
      with prop_static, it must be compiled with $staticprop!
Error loading studio model "models/props/de_nuke/car_nuke_animation.mdl"!
Placing detail props : 0...1...2...3...4...5...6...7...8...9...10
Compacting texture/material tables...
Reduced 293 texinfos to 203
Reduced 32 texdatas to 30 (777 bytes to 708)
Writing D:\SteamLibrary\steamapps\common\Counter-Strike Global Offensive\sdk_content\maps\de_drydock.bsp
2 seconds elapsed



4 threads
reading d:\steamlibrary\steamapps\common\counter-strike global offensive\sdk_content\maps\de_drydock.bsp
reading d:\steamlibrary\steamapps\common\counter-strike global offensive\sdk_content\maps\de_drydock.prt
 377 portalclusters
1067 numportals
0...1...2...3...4...5...6...7...8...9...100...1...2...3...4...5...6...7...8...9...10Optimized: 410 visible clusters (0.00%)
Total clusters visible: 75078
Average clusters visible: 199
Building PAS...
Average clusters audible: 373
visdatasize:38013  compressed from 36192
writing d:\steamlibrary\steamapps\common\counter-strike global offensive\sdk_content\maps\de_drydock.bsp
21 seconds elapsed



[Reading texlights from 'lights.rad']
[2 texlights parsed from 'lights.rad']

Loading d:\steamlibrary\steamapps\common\counter-strike global offensive\sdk_content\maps\de_drydock.bsp
1490 faces
593065 square feet [85401496.00 square inches]
0 Displacements
0 Square Feet [0.00 Square Inches]
1490 patches before subdivision
40464 patches after subdivision
26 direct lights
0...1...2...3...4...5...6...7...8..


CustomMaterialManager: Cached KeyValues materials/models/weapons/v_models/knife_butterfly/knife_butterfly.vmt.
CustomMaterialManager: Cached KeyValues materials/models/weapons/v_models/knife_bayonet/knife_bayonet.vmt.
CustomMaterialManager: Cached KeyValues materials/models/weapons/v_models/knife_ct/knife_ct.vmt.
CustomMaterialManager: Cached KeyValues materials/models/weapons/v_models/knife_flip/knife_flip.vmt.
CustomMaterialManager: Cached KeyValues materials/models/weapons/v_models/knife_gut/knife_gut.vmt.
CustomMaterialManager: Cached KeyValues materials/models/weapons/v_models/knife_karam/karam.vmt.
CustomMaterialManager: Cached KeyValues materials/models/weapons/v_models/knife_m9_bay/knife_m9_bay.vmt.
CustomMaterialManager: Cached KeyValues materials/models/weapons/v_models/knife_t/knife_t.vmt.
CustomMaterialManager: Cached KeyValues materials/models/weapons/v_models/knife_tactical/knife_tactical.vmt.
CustomMaterialManager: Cached KeyValues materials/models/weapons/v_models/mach_m249para/m249.vmt.
CustomMaterialManager: Cached KeyValues materials/models/weapons/v_models/mach_negev/mach_negev.vmt.
CustomMaterialManager: Cached KeyValues materials/models/weapons/v_models/pist_223/pist_223.vmt.
CustomMaterialManager: Cached KeyValues materials/models/weapons/v_models/pist_cz_75/pist_cz_75.vmt.
CustomMaterialManager: Cached KeyValues materials/models/weapons/v_models/pist_deagle/pist_deagle.vmt.
CustomMaterialManager: Cached KeyValues materials/models/weapons/v_models/pist_elite/m9a1.vmt.
CustomMaterialManager: Cached KeyValues materials/models/weapons/v_models/pist_fiveseven/fiveseven.vmt.
CustomMaterialManager: Cached KeyValues materials/models/weapons/v_models/pist_glock18/pist_glock18.vmt.
CustomMaterialManager: Cached KeyValues materials/models/weapons/v_models/pist_hkp2000/pist_hkp2000.vmt.
CustomMaterialManager: Cached KeyValues materials/models/weapons/v_models/pist_p250/p250.vmt.
CustomMaterialManager: Cached KeyValues materials/models/weapons/v_models/pist_tec9/pist_tec9.vmt.
CustomMaterialManager: Cached KeyValues materials/models/weapons/v_models/rif_ak47/ak47.vmt.
CustomMaterialManager: Cached KeyValues materials/models/weapons/v_models/rif_aug/rif_aug.vmt.
CustomMaterialManager: Cached KeyValues materials/models/weapons/v_models/rif_famas/rif_famas.vmt.
CustomMaterialManager: Cached KeyValues materials/models/weapons/v_models/rif_galilar/rif_galilar.vmt.
CustomMaterialManager: Cached KeyValues materials/models/weapons/v_models/rif_m4a1/rif_m4a1.vmt.
CustomMaterialManager: Cached KeyValues materials/models/weapons/v_models/rif_m4a1_s/rif_m4a1_s.vmt.
CustomMaterialManager: Cached KeyValues materials/models/weapons/v_models/rif_sg556/rif_sg556.vmt.
CustomMaterialManager: Cached KeyValues materials/models/weapons/v_models/shot_mag7/shot_mag7.vmt.
CustomMaterialManager: Cached KeyValues materials/models/weapons/v_models/shot_nova/shot_nova.vmt.
CustomMaterialManager: Cached KeyValues materials/models/weapons/v_models/shot_sawedoff/shot_sawedoff_01.vmt.
CustomMaterialManager: Cached KeyValues materials/models/weapons/v_models/shot_xm1014/shot_xm1014.vmt.
CustomMaterialManager: Cached KeyValues materials/models/weapons/v_models/smg_bizon/bizon.vmt.
CustomMaterialManager: Cached KeyValues materials/models/weapons/v_models/smg_mac10/smg_mac10_1.vmt.
CustomMaterialManager: Cached KeyValues materials/models/weapons/v_models/smg_mp7/smg_mp7.vmt.
CustomMaterialManager: Cached KeyValues materials/models/weapons/v_models/smg_mp9/smg_mp9.vmt.
CustomMaterialManager: Cached KeyValues materials/models/weapons/v_models/smg_p90/smg_p90.vmt.
CustomMaterialManager: Cached KeyValues materials/models/weapons/v_models/smg_ump45/smg_ump45.vmt.
CustomMaterialManager: Cached KeyValues materials/models/weapons/v_models/snip_awp/awp.vmt.
CustomMaterialManager: Cached KeyValues materials/models/weapons/v_models/snip_g3sg1/snip_g3sg1.vmt.
CustomMaterialManager: Cached KeyValues materials/models/weapons/v_models/snip_scar20/snip_scar20.vmt.
CustomMaterialManager: Cached KeyValues materials/models/weapons/v_models/snip_ssg08/snip_ssg08.vmt.
CustomMaterialManager: Cached KeyValues materials/models/weapons/v_models/snip_ssg08/snip_ssg08_scope.vmt.
CustomMaterialManager: Cached KeyValues materials/models/weapons/v_models/knife_falchion_advanced/knife_falchion_advanced.vmt.
CustomMaterialManager: Cached KeyValues materials/models/weapons/v_models/knife_push/knife_push.vmt.
materialPath: D:\SteamLibrary\steamapps\common\Counter-Strike Global Offensive\csgo\materials
Loading D:\SteamLibrary\steamapps\common\Counter-Strike Global Offensive\sdk_content\maps\de_drydock.vmf
Map revision 58
Can't find surfaceprop panel for material METAL/PRODVENTA, using default
fixing up env_cubemap materials on brush sides...
0...1...2...3...4...5...6...7...8...9...100...1...2...3...4...5...6...7...8...9...10Processing areas...done (0)
Building Faces...done (0)
FixTjuncs...
PruneNodes...
WriteBSP...
done (0)
writing D:\SteamLibrary\steamapps\common\Counter-Strike Global Offensive\sdk_content\maps\de_drydock.prt...Building visibility clusters...
done (1)
Finding displacement neighbors...
Finding lightmap sample positions...
Displacement Alpha : 0...1...2...3...4...5...6...7...8...9...10
Building Physics collision data...
done (0) (74910 bytes)
Error loading studio model ""!
Error! To use model "models/props/de_nuke/car_nuke_animation.mdl"
      with prop_static, it must be compiled with $staticprop!
Error loading studio model "models/props/de_nuke/car_nuke_animation.mdl"!
Placing detail props : 0...1...2...3...4...5...6...7...8...9...10
Compacting texture/material tables...
Reduced 293 texinfos to 203
Reduced 32 texdatas to 30 (777 bytes to 708)
Writing D:\SteamLibrary\steamapps\common\Counter-Strike Global Offensive\sdk_content\maps\de_drydock.bsp
2 seconds elapsed



4 threads
reading d:\steamlibrary\steamapps\common\counter-strike global offensive\sdk_content\maps\de_drydock.bsp
reading d:\steamlibrary\steamapps\common\counter-strike global offensive\sdk_content\maps\de_drydock.prt
 377 portalclusters
1067 numportals
0...1...2...3...4...5...6...7...8...9...100...1...2...3...4...5...


CustomMaterialManager: Cached KeyValues materials/models/weapons/v_models/knife_butterfly/knife_butterfly.vmt.
CustomMaterialManager: Cached KeyValues materials/models/weapons/v_models/knife_bayonet/knife_bayonet.vmt.
CustomMaterialManager: Cached KeyValues materials/models/weapons/v_models/knife_ct/knife_ct.vmt.
CustomMaterialManager: Cached KeyValues materials/models/weapons/v_models/knife_flip/knife_flip.vmt.
CustomMaterialManager: Cached KeyValues materials/models/weapons/v_models/knife_gut/knife_gut.vmt.
CustomMaterialManager: Cached KeyValues materials/models/weapons/v_models/knife_karam/karam.vmt.
CustomMaterialManager: Cached KeyValues materials/models/weapons/v_models/knife_m9_bay/knife_m9_bay.vmt.
CustomMaterialManager: Cached KeyValues materials/models/weapons/v_models/knife_t/knife_t.vmt.
CustomMaterialManager: Cached KeyValues materials/models/weapons/v_models/knife_tactical/knife_tactical.vmt.
CustomMaterialManager: Cached KeyValues materials/models/weapons/v_models/mach_m249para/m249.vmt.
CustomMaterialManager: Cached KeyValues materials/models/weapons/v_models/mach_negev/mach_negev.vmt.
CustomMaterialManager: Cached KeyValues materials/models/weapons/v_models/pist_223/pist_223.vmt.
CustomMaterialManager: Cached KeyValues materials/models/weapons/v_models/pist_cz_75/pist_cz_75.vmt.
CustomMaterialManager: Cached KeyValues materials/models/weapons/v_models/pist_deagle/pist_deagle.vmt.
CustomMaterialManager: Cached KeyValues materials/models/weapons/v_models/pist_elite/m9a1.vmt.
CustomMaterialManager: Cached KeyValues materials/models/weapons/v_models/pist_fiveseven/fiveseven.vmt.
CustomMaterialManager: Cached KeyValues materials/models/weapons/v_models/pist_glock18/pist_glock18.vmt.
CustomMaterialManager: Cached KeyValues materials/models/weapons/v_models/pist_hkp2000/pist_hkp2000.vmt.
CustomMaterialManager: Cached KeyValues materials/models/weapons/v_models/pist_p250/p250.vmt.
CustomMaterialManager: Cached KeyValues materials/models/weapons/v_models/pist_tec9/pist_tec9.vmt.
CustomMaterialManager: Cached KeyValues materials/models/weapons/v_models/rif_ak47/ak47.vmt.
CustomMaterialManager: Cached KeyValues materials/models/weapons/v_models/rif_aug/rif_aug.vmt.
CustomMaterialManager: Cached KeyValues materials/models/weapons/v_models/rif_famas/rif_famas.vmt.
CustomMaterialManager: Cached KeyValues materials/models/weapons/v_models/rif_galilar/rif_galilar.vmt.
CustomMaterialManager: Cached KeyValues materials/models/weapons/v_models/rif_m4a1/rif_m4a1.vmt.
CustomMaterialManager: Cached KeyValues materials/models/weapons/v_models/rif_m4a1_s/rif_m4a1_s.vmt.
CustomMaterialManager: Cached KeyValues materials/models/weapons/v_models/rif_sg556/rif_sg556.vmt.
CustomMaterialManager: Cached KeyValues materials/models/weapons/v_models/shot_mag7/shot_mag7.vmt.
CustomMaterialManager: Cached KeyValues materials/models/weapons/v_models/shot_nova/shot_nova.vmt.
CustomMaterialManager: Cached KeyValues materials/models/weapons/v_models/shot_sawedoff/shot_sawedoff_01.vmt.
CustomMaterialManager: Cached KeyValues materials/models/weapons/v_models/shot_xm1014/shot_xm1014.vmt.
CustomMaterialManager: Cached KeyValues materials/models/weapons/v_models/smg_bizon/bizon.vmt.
CustomMaterialManager: Cached KeyValues materials/models/weapons/v_models/smg_mac10/smg_mac10_1.vmt.
CustomMaterialManager: Cached KeyValues materials/models/weapons/v_models/smg_mp7/smg_mp7.vmt.
CustomMaterialManager: Cached KeyValues materials/models/weapons/v_models/smg_mp9/smg_mp9.vmt.
CustomMaterialManager: Cached KeyValues materials/models/weapons/v_models/smg_p90/smg_p90.vmt.
CustomMaterialManager: Cached KeyValues materials/models/weapons/v_models/smg_ump45/smg_ump45.vmt.
CustomMaterialManager: Cached KeyValues materials/models/weapons/v_models/snip_awp/awp.vmt.
CustomMaterialManager: Cached KeyValues materials/models/weapons/v_models/snip_g3sg1/snip_g3sg1.vmt.
CustomMaterialManager: Cached KeyValues materials/models/weapons/v_models/snip_scar20/snip_scar20.vmt.
CustomMaterialManager: Cached KeyValues materials/models/weapons/v_models/snip_ssg08/snip_ssg08.vmt.
CustomMaterialManager: Cached KeyValues materials/models/weapons/v_models/snip_ssg08/snip_ssg08_scope.vmt.
CustomMaterialManager: Cached KeyValues materials/models/weapons/v_models/knife_falchion_advanced/knife_falchion_advanced.vmt.
CustomMaterialManager: Cached KeyValues materials/models/weapons/v_models/knife_push/knife_push.vmt.
materialPath: D:\SteamLibrary\steamapps\common\Counter-Strike Global Offensive\csgo\materials
Loading D:\SteamLibrary\steamapps\common\Counter-Strike Global Offensive\sdk_content\maps\de_drydock.vmf
Map revision 59
Can't find surfaceprop panel for material METAL/PRODVENTA, using default
fixing up env_cubemap materials on brush sides...
0...1...2...3...4...5...6...7...8...9...100...1...2...3...4...5...6...7...8...9...10Processing areas...done (0)
Building Faces...done (0)
FixTjuncs...
PruneNodes...
WriteBSP...
done (0)
writing D:\SteamLibrary\steamapps\common\Counter-Strike Global Offensive\sdk_content\maps\de_drydock.prt...Building visibility clusters...
done (0)
Finding displacement neighbors...
Finding lightmap sample positions...
Displacement Alpha : 0...1...2...3...4...5...6...7...8...9...10
Building Physics collision data...
done (0) (74910 bytes)
Error loading studio model ""!
Placing detail props : 0...1...2...3...4...5...6...7...8...9...10
Compacting texture/material tables...
Reduced 293 texinfos to 203
Reduced 32 texdatas to 30 (777 bytes to 708)
Writing D:\SteamLibrary\steamapps\common\Counter-Strike Global Offensive\sdk_content\maps\de_drydock.bsp
2 seconds elapsed



4 threads
reading d:\steamlibrary\steamapps\common\counter-strike global offensive\sdk_content\maps\de_drydock.bsp
reading d:\steamlibrary\steamapps\common\counter-strike global offensive\sdk_content\maps\de_drydock.prt
 377 portalclusters
1067 numportals
0...1...2...3...4...5...6...7...8...9...100...1...2...3...4...5...6...7...8...9...10Optimized: 410 visible clusters (0.00%)
Total clusters visible: 75078
Average clusters visible: 199
Building PAS...
Average clusters audible: 373
visdatasize:38013  compressed from 36192
writing d:\steamlibrary\steamapps\common\counter-strike global offensive\sdk_content\maps\de_drydock.bsp
13 seconds elapsed



[Reading texlights from 'lights.rad']
[2 texlights parsed from 'lights.rad']

Loading d:\steamlibrary\steamapps\common\counter-strike global offensive\sdk_content\maps\de_drydock.bsp
1490 faces
593065 square feet [85401496.00 square inches]
0 Displacements
0 Square Feet [0.00 Square Inches]
1490 patches before subdivision
40464 patches after subdivision
26 direct lights
0...1...2...3...4...5...6...7...8...9...100...1...2...3...4...5...6...7...8...9...10transfers 2742255, max 482
transfer lists:  20.9 megs
0...1...2...3...4...5...6...7...8...9...10	Bounce #1 added RGB(381545, 143174, 43964)
0...1...2...3...4...5...6...7...8...9...10	Bounce #2 added RGB(91786, 20380, 4783)
0...1...2...3...4...5...6...7...8...9...10	Bounce #3 added RGB(24531, 3413, 656)
0...1...2...3...4...5...6...7...8...9...10	Bounce #4 added RGB(8116, 668, 115)
0...1...2...3...4...5...6...7...8...9...10	Bounce #5 added RGB(2865, 153, 23)
0...1...2...3...4...5...6...7...8...9...10	Bounce #6 added RGB(1138, 41, 5)
0...1...2...3...4...5...6...7...8...9...10	Bounce #7 added RGB(476, 12, 1)
0...1...2...3...4...5...6...7...8...9...10	Bounce #8 added RGB(214, 4, 0)
0...1...2...3...4...5...6...7...8...9...10	Bounce #9 added RGB(100, 1, 0)
0...1...2...3...4...5...6...7...8...9...10	Bounce #10 added RGB(49, 0, 0)
0...1...2...3...4...5...6...7...8...9...10	Bounce #11 added RGB(24, 0, 0)
0...1...2...3...4...5...6...7...8...9...10	Bounce #12 added RGB(13, 0, 0)
0...1...2...3...4...5...6...7...8...9...10	Bounce #13 added RGB(7, 0, 0)
0...1...2...3...4...5...6...7...8...9...10	Bounce #14 added RGB(4, 0, 0)
0...1...2...3...4...5...6...7...8...9...10	Bounce #15 added RGB(2, 0, 0)
0...1...2...3...4...5...6...7...8...9...10	Bounce #16 added RGB(1, 0, 0)
0...1...2...3...4...5...6...7...8...9...10	Bounce #17 added RGB(1, 0, 0)
Build Patch/Sample Hash Table(s).....Done<0.0122 sec>
0...1...2...3...4...5...6...7...8...9...10FinalLightFace Done
0 of 0 (0% of) surface lights went in leaf ambient cubes.
0...1...2...3...4...5...6...7...8...9...10Writing leaf ambient...done
Ready to Finish

Object names       Objects/Maxobjs  Memory / Maxmem  Fullness 
------------       ---------------  ---------------  -------- 
models                   7/1024          336/49152    ( 0.7%) 
brushes                200/8192         2400/98304    ( 2.4%) 
brushsides            1395/65536       11160/524288   ( 2.1%) 
planes                1104/65536       22080/1310720  ( 1.7%) 
vertexes              2522/65536       30264/786432   ( 3.8%) 
nodes                  931/65536       29792/2097152  ( 1.4%) 
texinfos               203/12288       14616/884736   ( 1.7%) 
texdata                 30/2048          960/65536    ( 1.5%) 
dispinfos                0/0               0/0        ( 0.0%) 
disp_verts               0/0               0/0        ( 0.0%) 
disp_tris                0/0               0/0        ( 0.0%) 
disp_multiblend          0/0               0/0        ( 0.0%) 
disp_lmsamples           0/0               0/0        ( 0.0%) 
faces                 1490/65536       83440/3670016  ( 2.3%) 
hdr faces                0/65536           0/3670016  ( 0.0%) 
origfaces              618/65536       34608/3670016  ( 0.9%) 
facebrushes            283/0             566/0        ( 0.0%) 
facebrushlists        1490/0            5960/0        ( 0.0%) 
leaves                 939/65536       30048/2097152  ( 1.4%) 
leaffaces             1658/65536        3316/131072   ( 2.5%) 
leafbrushes            688/65536        1376/131072   ( 1.0%) 
areas                    2/1024           16/8192     ( 0.2%) 
surfedges             9749/512000      38996/2048000  ( 1.9%) 
edges                 5431/256000      21724/1024000  ( 2.1%) 
LDR worldlights         26/8192         2600/819200   ( 0.3%) 
HDR worldlights          0/8192            0/819200   ( 0.0%) 
leafwaterdata            0/32768           0/393216   ( 0.0%) 
waterstrips            159/32768        1590/327680   ( 0.5%) 
waterverts               0/65536           0/786432   ( 0.0%) 
waterindices          2451/65536        4902/131072   ( 3.7%) 
cubemapsamples           0/1024            0/16384    ( 0.0%) 
overlays                12/1024         4224/360448   ( 1.2%) 
LDR lightdata         [variable]     2058673/0        ( 0.0%) 
HDR lightdata         [variable]           0/0        ( 0.0%) 
visdata               [variable]       38013/16777216 ( 0.2%) 
entdata               [variable]       16120/393216   ( 4.1%) 
LDR ambient table      939/65536        3756/262144   ( 1.4%) 
HDR ambient table      939/65536        3756/262144   ( 1.4%) 
LDR leaf ambient      4862/65536      136136/1835008  ( 7.4%) 
HDR leaf ambient       939/65536       26292/1835008  ( 1.4%) 
occluders                0/0               0/0        ( 0.0%) 
occluder polygons        0/0               0/0        ( 0.0%) 
occluder vert ind        0/0               0/0        ( 0.0%) 
detail props          [variable]           1/12       ( 8.3%) 
static props          [variable]           1/13854    ( 0.0%) 
pakfile               [variable]      149099/0        ( 0.0%) 
physics               [variable]       74910/4194304  ( 1.8%) 
physics terrain       [variable]           2/1048576  ( 0.0%) 

Level flags = 4

Total triangle count: 4293
Writing d:\steamlibrary\steamapps\common\counter-strike global offensive\sdk_content\maps\de_drydock.bsp
20 seconds elapsed



CustomMaterialManager: Cached KeyValues materials/models/weapons/v_models/knife_butterfly/knife_butterfly.vmt.
CustomMaterialManager: Cached KeyValues materials/models/weapons/v_models/knife_bayonet/knife_bayonet.vmt.
CustomMaterialManager: Cached KeyValues materials/models/weapons/v_models/knife_ct/knife_ct.vmt.
CustomMaterialManager: Cached KeyValues materials/models/weapons/v_models/knife_flip/knife_flip.vmt.
CustomMaterialManager: Cached KeyValues materials/models/weapons/v_models/knife_gut/knife_gut.vmt.
CustomMaterialManager: Cached KeyValues materials/models/weapons/v_models/knife_karam/karam.vmt.
CustomMaterialManager: Cached KeyValues materials/models/weapons/v_models/knife_m9_bay/knife_m9_bay.vmt.
CustomMaterialManager: Cached KeyValues materials/models/weapons/v_models/knife_t/knife_t.vmt.
CustomMaterialManager: Cached KeyValues materials/models/weapons/v_models/knife_tactical/knife_tactical.vmt.
CustomMaterialManager: Cached KeyValues materials/models/weapons/v_models/mach_m249para/m249.vmt.
CustomMaterialManager: Cached KeyValues materials/models/weapons/v_models/mach_negev/mach_negev.vmt.
CustomMaterialManager: Cached KeyValues materials/models/weapons/v_models/pist_223/pist_223.vmt.
CustomMaterialManager: Cached KeyValues materials/models/weapons/v_models/pist_cz_75/pist_cz_75.vmt.
CustomMaterialManager: Cached KeyValues materials/models/weapons/v_models/pist_deagle/pist_deagle.vmt.
CustomMaterialManager: Cached KeyValues materials/models/weapons/v_models/pist_elite/m9a1.vmt.
CustomMaterialManager: Cached KeyValues materials/models/weapons/v_models/pist_fiveseven/fiveseven.vmt.
CustomMaterialManager: Cached KeyValues materials/models/weapons/v_models/pist_glock18/pist_glock18.vmt.
CustomMaterialManager: Cached KeyValues materials/models/weapons/v_models/pist_hkp2000/pist_hkp2000.vmt.
CustomMaterialManager: Cached KeyValues materials/models/weapons/v_models/pist_p250/p250.vmt.
CustomMaterialManager: Cached KeyValues materials/models/weapons/v_models/pist_tec9/pist_tec9.vmt.
CustomMaterialManager: Cached KeyValues materials/models/weapons/v_models/rif_ak47/ak47.vmt.
CustomMaterialManager: Cached KeyValues materials/models/weapons/v_models/rif_aug/rif_aug.vmt.
CustomMaterialManager: Cached KeyValues materials/models/weapons/v_models/rif_famas/rif_famas.vmt.
CustomMaterialManager: Cached KeyValues materials/models/weapons/v_models/rif_galilar/rif_galilar.vmt.
CustomMaterialManager: Cached KeyValues materials/models/weapons/v_models/rif_m4a1/rif_m4a1.vmt.
CustomMaterialManager: Cached KeyValues materials/models/weapons/v_models/rif_m4a1_s/rif_m4a1_s.vmt.
CustomMaterialManager: Cached KeyValues materials/models/weapons/v_models/rif_sg556/rif_sg556.vmt.
CustomMaterialManager: Cached KeyValues materials/models/weapons/v_models/shot_mag7/shot_mag7.vmt.
CustomMaterialManager: Cached KeyValues materials/models/weapons/v_models/shot_nova/shot_nova.vmt.
CustomMaterialManager: Cached KeyValues materials/models/weapons/v_models/shot_sawedoff/shot_sawedoff_01.vmt.
CustomMaterialManager: Cached KeyValues materials/models/weapons/v_models/shot_xm1014/shot_xm1014.vmt.
CustomMaterialManager: Cached KeyValues materials/models/weapons/v_models/smg_bizon/bizon.vmt.
CustomMaterialManager: Cached KeyValues materials/models/weapons/v_models/smg_mac10/smg_mac10_1.vmt.
CustomMaterialManager: Cached KeyValues materials/models/weapons/v_models/smg_mp7/smg_mp7.vmt.
CustomMaterialManager: Cached KeyValues materials/models/weapons/v_models/smg_mp9/smg_mp9.vmt.
CustomMaterialManager: Cached KeyValues materials/models/weapons/v_models/smg_p90/smg_p90.vmt.
CustomMaterialManager: Cached KeyValues materials/models/weapons/v_models/smg_ump45/smg_ump45.vmt.
CustomMaterialManager: Cached KeyValues materials/models/weapons/v_models/snip_awp/awp.vmt.
CustomMaterialManager: Cached KeyValues materials/models/weapons/v_models/snip_g3sg1/snip_g3sg1.vmt.
CustomMaterialManager: Cached KeyValues materials/models/weapons/v_models/snip_scar20/snip_scar20.vmt.
CustomMaterialManager: Cached KeyValues materials/models/weapons/v_models/snip_ssg08/snip_ssg08.vmt.
CustomMaterialManager: Cached KeyValues materials/models/weapons/v_models/snip_ssg08/snip_ssg08_scope.vmt.
CustomMaterialManager: Cached KeyValues materials/models/weapons/v_models/knife_falchion_advanced/knife_falchion_advanced.vmt.
CustomMaterialManager: Cached KeyValues materials/models/weapons/v_models/knife_push/knife_push.vmt.
materialPath: D:\SteamLibrary\steamapps\common\Counter-Strike Global Offensive\csgo\materials
Loading D:\SteamLibrary\steamapps\common\Counter-Strike Global Offensive\sdk_content\maps\de_drydock\de_drydock.vmf
Map revision 62
Can't find surfaceprop panel for material METAL/PRODVENTA, using default
fixing up env_cubemap materials on brush sides...
0...1...2...3...4...5...6...7...8...9...100...1...2...3...4...5...6...7...8...9...10Processing areas...done (0)
Building Faces...done (0)
FixTjuncs...
PruneNodes...
WriteBSP...
done (0)
writing D:\SteamLibrary\steamapps\common\Counter-Strike Global Offensive\sdk_content\maps\de_drydock\de_drydock.prt...Building visibility clusters...
done (0)
Finding displacement neighbors...
Finding lightmap sample positions...
Displacement Alpha : 0...1...2...3...4...5...6...7...8...9...10
Building Physics collision data...
done (0) (80346 bytes)
Error loading studio model ""!
Placing detail props : 0...1...2...3...4...5...6...7...8...9...10
Water found with no water_lod_control entity, creating a default one.
Compacting texture/material tables...
Reduced 315 texinfos to 218
Reduced 35 texdatas to 32 (853 bytes to 745)
Writing D:\SteamLibrary\steamapps\common\Counter-Strike Global Offensive\sdk_content\maps\de_drydock\de_drydock.bsp
2 seconds elapsed



4 threads
reading d:\steamlibrary\steamapps\common\counter-strike global offensive\sdk_content\maps\de_drydock\de_drydock.bsp
reading d:\steamlibrary\steamapps\common\counter-strike global offensive\sdk_content\maps\de_drydock\de_drydock.prt
 435 portalclusters
1212 numportals
0...1...2...3...4...5...6...7...8...9...100...1...2...3...4...5...6...7...8...9...10Optimized: 520 visible clusters (0.00%)
Total clusters visible: 94963
Average clusters visible: 218
Building PAS...
Average clusters audible: 431
visdatasize:48795  compressed from 48720
writing d:\steamlibrary\steamapps\common\counter-strike global offensive\sdk_content\maps\de_drydock\de_drydock.bsp
19 seconds elapsed



[Reading texlights from 'lights.rad']
[2 texlights parsed from 'lights.rad']

Loading d:\steamlibrary\steamapps\common\counter-strike global offensive\sdk_content\maps\de_drydock\de_drydock.bsp
1655 faces
628640 square feet [90524200.00 square inches]
0 Displacements
0 Square Feet [0.00 Square Inches]
1655 patches before subdivision
43473 patches after subdivision
26 direct lights
0...1...2...3...4...5...6...7...8...9...100...1...2...3...4...5...6...7...8...9...10transfers 3104895, max 501
transfer lists:  23.7 megs
0...1...2...3...4...5...6...7...8...9...10	Bounce #1 added RGB(513721, 199074, 60369)
0...1...2...3...4...5...6...7...8...9...10	Bounce #2 added RGB(117129, 31039, 7886)
0...1...2...3...4...5...6...7...8...9...10	Bounce #3 added RGB(32501, 6682, 1540)
0...1...2...3...4...5...6...7...8...9...10	Bounce #4 added RGB(9512, 1244, 271)
0...1...2...3...4...5...6...7...8...9...10	Bounce #5 added RGB(3281, 324, 67)
0...1...2...3...4...5...6...7...8...9...10	Bounce #6 added RGB(1206, 71, 13)
0...1...2...3...4...5...6...7...8...9...10	Bounce #7 added RGB(493, 21, 3)
0...1...2...3...4...5...6...7...8...9...10	Bounce #8 added RGB(214, 5, 1)
0...1...2...3...4...5...6...7...8...9...10	Bounce #9 added RGB(99, 2, 0)
0...1...2...3...4...5...6...7...8...9...10	Bounce #10 added RGB(47, 0, 0)
0...1...2...3...4...5...6...7...8...9...10	Bounce #11 added RGB(23, 0, 0)
0...1...2...3...4...5...6...7...8...9...10	Bounce #12 added RGB(12, 0, 0)
0...1...2...3...4...5...6...7...8...9...10	Bounce #13 added RGB(6, 0, 0)
0...1...2...3...4...5...6...7...8...9...10	Bounce #14 added RGB(3, 0, 0)
0...1...2...3...4...5...6...7...8...9...10	Bounce #15 added RGB(2, 0, 0)
0...1...2...3...4...5...6...7...8...9...10	Bounce #16 added RGB(1, 0, 0)
Build Patch/Sample Hash Table(s).....Done<0.0135 sec>
0...1...2...3...4...5...6...7...8...9...10FinalLightFace Done
0 of 0 (0% of) surface lights went in leaf ambient cubes.
0...1...2...3...4...5...6...7...8...9...10Writing leaf ambient...done
Ready to Finish

Object names       Objects/Maxobjs  Memory / Maxmem  Fullness 
------------       ---------------  ---------------  -------- 
models                   9/1024          432/49152    ( 0.9%) 
brushes                213/8192         2556/98304    ( 2.6%) 
brushsides            1474/65536       11792/524288   ( 2.2%) 
planes                1124/65536       22480/1310720  ( 1.7%) 
vertexes              2735/65536       32820/786432   ( 4.2%) 
nodes                 1048/65536       33536/2097152  ( 1.6%) 
texinfos               218/12288       15696/884736   ( 1.8%) 
texdata                 32/2048         1024/65536    ( 1.6%) 
dispinfos                0/0               0/0        ( 0.0%) 
disp_verts               0/0               0/0        ( 0.0%) 
disp_tris                0/0               0/0        ( 0.0%) 
disp_multiblend          0/0               0/0        ( 0.0%) 
disp_lmsamples           0/0               0/0        ( 0.0%) 
faces                 1655/65536       92680/3670016  ( 2.5%) 
hdr faces                0/65536           0/3670016  ( 0.0%) 
origfaces              662/65536       37072/3670016  ( 1.0%) 
facebrushes            323/0             646/0        ( 0.0%) 
facebrushlists        1655/0            6620/0        ( 0.0%) 
leaves                1058/65536       33856/2097152  ( 1.6%) 
leaffaces             1849/65536        3698/131072   ( 2.8%) 
leafbrushes            758/65536        1516/131072   ( 1.2%) 
areas                    2/1024           16/8192     ( 0.2%) 
surfedges            10657/512000      42628/2048000  ( 2.1%) 
edges                 5949/256000      23796/1024000  ( 2.3%) 
LDR worldlights         26/8192         2600/819200   ( 0.3%) 
HDR worldlights          0/8192            0/819200   ( 0.0%) 
leafwaterdata            1/32768          12/393216   ( 0.0%) 
waterstrips            173/32768        1730/327680   ( 0.5%) 
waterverts               0/65536           0/786432   ( 0.0%) 
waterindices          2640/65536        5280/131072   ( 4.0%) 
cubemapsamples           0/1024            0/16384    ( 0.0%) 
overlays                11/1024         3872/360448   ( 1.1%) 
LDR lightdata         [variable]     2186619/0        ( 0.0%) 
HDR lightdata         [variable]           0/0        ( 0.0%) 
visdata               [variable]       48795/16777216 ( 0.3%) 
entdata               [variable]       17457/393216   ( 4.4%) 
LDR ambient table     1058/65536        4232/262144   ( 1.6%) 
HDR ambient table     1058/65536        4232/262144   ( 1.6%) 
LDR leaf ambient      5532/65536      154896/1835008  ( 8.4%) 
HDR leaf ambient      1058/65536       29624/1835008  ( 1.6%) 
occluders                0/0               0/0        ( 0.0%) 
occluder polygons        0/0               0/0        ( 0.0%) 
occluder vert ind        0/0               0/0        ( 0.0%) 
detail props          [variable]           1/12       ( 8.3%) 
static props          [variable]           1/15126    ( 0.0%) 
pakfile               [variable]      149379/0        ( 0.0%) 
physics               [variable]       80346/4194304  ( 1.9%) 
physics terrain       [variable]           2/1048576  ( 0.0%) 

Level flags = 4

Total triangle count: 4693
Writing d:\steamlibrary\steamapps\common\counter-strike global offensive\sdk_content\maps\de_drydock\de_drydock.bsp
21 seconds elapsed
